2024-08-09 17:55:33,697 - INFO - Logging configured.
2024-08-09 17:55:33,697 - DEBUG - Logging configuration complete.
2024-08-09 17:55:33,700 - INFO - Data loaded from data/heart_disease.csv
2024-08-09 17:55:33,700 - DEBUG - Retrieved configuration values for data split: test_size=0.25, random_state=42
2024-08-09 17:55:33,702 - INFO - Data split into training and testing sets.
2024-08-09 17:55:33,707 - INFO - Split data saved to data/split_data
2024-08-09 17:55:33,707 - INFO - Data splitting process completed successfully.
2024-08-09 18:05:19,265 - INFO - Logging configured.
2024-08-09 18:05:19,265 - DEBUG - Logging configuration complete.
2024-08-09 18:05:19,270 - INFO - Data loaded from data/feature_engineered_data.csv
2024-08-09 18:05:19,270 - DEBUG - Retrieved configuration values for data split: test_size=0.25, random_state=42
2024-08-09 18:05:19,271 - INFO - Data split into training and testing sets.
2024-08-09 18:05:19,285 - INFO - Split data saved to data/split_data
2024-08-09 18:05:19,285 - INFO - Data splitting process completed successfully.
2024-08-09 18:24:54,738 - INFO - Logging configured.
2024-08-09 18:24:54,738 - DEBUG - Logging configuration complete.
2024-08-09 18:24:54,742 - INFO - Data loaded from data/processed_heart_disease.csv
2024-08-09 18:24:54,743 - DEBUG - Retrieved configuration values for data split: test_size=0.25, random_state=42
2024-08-09 18:24:54,744 - INFO - Data split into training and testing sets.
2024-08-09 18:24:54,757 - INFO - Split data saved to data/split_data
2024-08-09 18:24:54,757 - INFO - Data splitting process completed successfully.
2024-08-09 18:25:49,558 - INFO - Logging configured.
2024-08-09 18:25:49,558 - DEBUG - Logging configuration complete.
2024-08-09 18:25:49,563 - INFO - Data loaded from data/processed_heart_disease.csv
2024-08-09 18:25:49,563 - DEBUG - Retrieved configuration values for data split: test_size=0.3, random_state=42
2024-08-09 18:25:49,564 - INFO - Data split into training and testing sets.
2024-08-09 18:25:49,578 - INFO - Split data saved to data/split_data
2024-08-09 18:25:49,579 - INFO - Data splitting process completed successfully.
2024-08-09 18:26:12,555 - INFO - Logging configured.
2024-08-09 18:26:12,555 - DEBUG - Logging configuration complete.
2024-08-09 18:26:12,559 - INFO - Data loaded from data/feature_engineered_data.csv
2024-08-09 18:26:12,560 - DEBUG - Retrieved configuration values for data split: test_size=0.3, random_state=42
2024-08-09 18:26:12,561 - INFO - Data split into training and testing sets.
2024-08-09 18:26:12,575 - INFO - Split data saved to data/split_data
2024-08-09 18:26:12,575 - INFO - Data splitting process completed successfully.
2024-08-09 18:40:03,129 - INFO - Logging configured.
2024-08-09 18:40:03,129 - DEBUG - Logging configuration complete.
2024-08-09 18:40:03,134 - INFO - Data loaded from data/feature_engineered_data.csv
2024-08-09 18:40:03,134 - DEBUG - Retrieved configuration values for data split: test_size=0.35, random_state=42
2024-08-09 18:40:03,135 - INFO - Data split into training and testing sets.
2024-08-09 18:40:03,148 - INFO - Split data saved to data/split_data
2024-08-09 18:40:03,148 - INFO - Data splitting process completed successfully.
2024-08-09 18:41:10,853 - INFO - Logging configured.
2024-08-09 18:41:10,853 - DEBUG - Logging configuration complete.
2024-08-09 18:41:10,857 - INFO - Data loaded from data/processed_heart_disease.csv
2024-08-09 18:41:10,858 - DEBUG - Retrieved configuration values for data split: test_size=0.3, random_state=42
2024-08-09 18:41:10,859 - INFO - Data split into training and testing sets.
2024-08-09 18:41:10,873 - INFO - Split data saved to data/split_data
2024-08-09 18:41:10,873 - INFO - Data splitting process completed successfully.
