2024-08-09 18:23:25,100 - INFO - Logging configured.
2024-08-09 18:23:25,106 - INFO - Data loaded successfully. Training samples: 892, Testing samples: 298
2024-08-09 18:23:25,106 - INFO - Data validation successful.
2024-08-09 18:23:25,117 - INFO - Model trained successfully.
2024-08-09 18:23:25,124 - INFO - Model evaluation completed. Accuracy: 0.8591
2024-08-09 18:23:25,124 - INFO - Classification Report:
              precision    recall  f1-score   support

           0       0.85      0.82      0.83       129
           1       0.87      0.89      0.88       169

    accuracy                           0.86       298
   macro avg       0.86      0.85      0.86       298
weighted avg       0.86      0.86      0.86       298

2024-08-09 18:23:25,125 - INFO - Model saved to models/logistic_regression_model.joblib
2024-08-09 18:25:00,984 - INFO - Logging configured.
2024-08-09 18:25:00,990 - INFO - Data loaded successfully. Training samples: 892, Testing samples: 298
2024-08-09 18:25:00,990 - INFO - Data validation successful.
2024-08-09 18:25:00,995 - INFO - Model trained successfully.
2024-08-09 18:25:01,002 - INFO - Model evaluation completed. Accuracy: 0.8591
2024-08-09 18:25:01,002 - INFO - Classification Report:
              precision    recall  f1-score   support

           0       0.85      0.82      0.83       129
           1       0.87      0.89      0.88       169

    accuracy                           0.86       298
   macro avg       0.86      0.85      0.86       298
weighted avg       0.86      0.86      0.86       298

2024-08-09 18:25:01,003 - INFO - Model saved to models/logistic_regression_model.joblib
2024-08-09 18:25:54,648 - INFO - Logging configured.
2024-08-09 18:25:54,654 - INFO - Data loaded successfully. Training samples: 833, Testing samples: 357
2024-08-09 18:25:54,655 - INFO - Data validation successful.
2024-08-09 18:25:54,661 - INFO - Model trained successfully.
2024-08-09 18:25:54,668 - INFO - Model evaluation completed. Accuracy: 0.8739
2024-08-09 18:25:54,668 - INFO - Classification Report:
              precision    recall  f1-score   support

           0       0.86      0.84      0.85       154
           1       0.88      0.90      0.89       203

    accuracy                           0.87       357
   macro avg       0.87      0.87      0.87       357
weighted avg       0.87      0.87      0.87       357

2024-08-09 18:25:54,669 - INFO - Model saved to models/logistic_regression_model.joblib
2024-08-09 18:26:20,215 - INFO - Logging configured.
2024-08-09 18:26:20,222 - INFO - Data loaded successfully. Training samples: 833, Testing samples: 357
2024-08-09 18:26:20,222 - INFO - Data validation successful.
2024-08-09 18:26:20,228 - INFO - Model trained successfully.
2024-08-09 18:26:20,236 - INFO - Model evaluation completed. Accuracy: 0.8739
2024-08-09 18:26:20,236 - INFO - Classification Report:
              precision    recall  f1-score   support

           0       0.86      0.84      0.85       154
           1       0.88      0.90      0.89       203

    accuracy                           0.87       357
   macro avg       0.87      0.87      0.87       357
weighted avg       0.87      0.87      0.87       357

2024-08-09 18:26:20,237 - INFO - Model saved to models/logistic_regression_model.joblib
2024-08-09 18:40:12,722 - INFO - Logging configured.
2024-08-09 18:40:12,728 - INFO - Data loaded successfully. Training samples: 773, Testing samples: 417
2024-08-09 18:40:12,728 - INFO - Data validation successful.
2024-08-09 18:40:12,735 - INFO - Model trained successfully.
2024-08-09 18:40:12,742 - INFO - Model evaluation completed. Accuracy: 0.8729
2024-08-09 18:40:12,742 - INFO - Classification Report:
              precision    recall  f1-score   support

           0       0.86      0.85      0.85       183
           1       0.89      0.89      0.89       234

    accuracy                           0.87       417
   macro avg       0.87      0.87      0.87       417
weighted avg       0.87      0.87      0.87       417

2024-08-09 18:40:12,743 - INFO - Model saved to models/logistic_regression_model.joblib
2024-08-09 18:41:21,620 - INFO - Logging configured.
2024-08-09 18:41:21,627 - INFO - Data loaded successfully. Training samples: 833, Testing samples: 357
2024-08-09 18:41:21,627 - INFO - Data validation successful.
2024-08-09 18:41:21,633 - INFO - Model trained successfully.
2024-08-09 18:41:21,641 - INFO - Model evaluation completed. Accuracy: 0.8739
2024-08-09 18:41:21,641 - INFO - Classification Report:
              precision    recall  f1-score   support

           0       0.86      0.84      0.85       154
           1       0.88      0.90      0.89       203

    accuracy                           0.87       357
   macro avg       0.87      0.87      0.87       357
weighted avg       0.87      0.87      0.87       357

2024-08-09 18:41:21,642 - INFO - Model saved to models/logistic_regression_model.joblib
2024-08-09 18:51:47,773 - INFO - Logging configured.
2024-08-09 18:51:47,779 - INFO - Data loaded successfully. Training samples: 833, Testing samples: 357
2024-08-09 18:51:47,780 - INFO - Data validation successful.
2024-08-09 18:51:49,305 - INFO - Best parameters: {'C': 10, 'solver': 'liblinear'}
2024-08-09 18:51:49,305 - INFO - Model trained successfully.
2024-08-09 18:51:49,311 - INFO - Model evaluation completed. Accuracy: 0.8768
2024-08-09 18:51:49,311 - INFO - Classification Report:
              precision    recall  f1-score   support

           0       0.87      0.84      0.86       154
           1       0.88      0.90      0.89       203

    accuracy                           0.88       357
   macro avg       0.88      0.87      0.87       357
weighted avg       0.88      0.88      0.88       357

2024-08-09 18:51:49,312 - INFO - Model saved to models/logistic_regression_model.joblib
2024-08-09 18:54:14,046 - INFO - Logging configured.
2024-08-09 18:54:14,052 - INFO - Data loaded successfully. Training samples: 833, Testing samples: 357
2024-08-09 18:54:14,052 - INFO - Data validation successful.
2024-08-09 18:54:15,622 - INFO - Best parameters: {'C': 10, 'solver': 'liblinear'}
2024-08-09 18:54:15,622 - INFO - Model trained successfully.
2024-08-09 18:54:15,627 - INFO - Model evaluation completed. Accuracy: 0.8768
2024-08-09 18:54:15,627 - INFO - Classification Report:
              precision    recall  f1-score   support

           0       0.87      0.84      0.86       154
           1       0.88      0.90      0.89       203

    accuracy                           0.88       357
   macro avg       0.88      0.87      0.87       357
weighted avg       0.88      0.88      0.88       357

2024-08-09 18:54:15,628 - INFO - Model saved to models/logistic_regression_model.joblib
2024-08-09 19:02:36,795 - INFO - Logging configured.
2024-08-09 19:02:36,801 - INFO - Data loaded successfully. Training samples: 833, Testing samples: 357
2024-08-09 19:02:36,801 - INFO - Data validation successful.
2024-08-09 19:02:38,412 - INFO - Best parameters: {'C': 10, 'solver': 'liblinear'}
2024-08-09 19:02:38,412 - INFO - Model trained successfully.
2024-08-09 19:02:38,418 - INFO - Model evaluation completed. Accuracy: 0.8768
2024-08-09 19:02:38,418 - INFO - Classification Report:
              precision    recall  f1-score   support

           0       0.87      0.84      0.86       154
           1       0.88      0.90      0.89       203

    accuracy                           0.88       357
   macro avg       0.88      0.87      0.87       357
weighted avg       0.88      0.88      0.88       357

2024-08-09 19:02:38,419 - INFO - Model saved to models/logistic_regression_model.joblib
2024-08-09 19:05:21,532 - INFO - Logging configured.
2024-08-09 19:05:21,538 - INFO - Data loaded successfully. Training samples: 833, Testing samples: 357
2024-08-09 19:05:21,538 - INFO - Data validation successful.
2024-08-09 19:05:23,122 - INFO - Best parameters: {'C': 10, 'solver': 'liblinear'}
2024-08-09 19:05:23,122 - INFO - Model trained successfully.
2024-08-09 19:05:23,128 - INFO - Model evaluation completed. Accuracy: 0.8768
2024-08-09 19:05:23,128 - INFO - Classification Report:
              precision    recall  f1-score   support

           0       0.87      0.84      0.86       154
           1       0.88      0.90      0.89       203

    accuracy                           0.88       357
   macro avg       0.88      0.87      0.87       357
weighted avg       0.88      0.88      0.88       357

2024-08-09 19:05:23,129 - INFO - Model saved to models/logistic_regression_model.joblib
2024-08-09 22:13:24,563 - INFO - Logging configured.
2024-08-09 22:13:24,569 - INFO - Data loaded successfully. Training samples: 833, Testing samples: 357
2024-08-09 22:13:24,569 - INFO - Data validation successful.
2024-08-09 22:13:37,061 - INFO - Best parameters: {'max_depth': None, 'min_samples_leaf': 1, 'min_samples_split': 2, 'n_estimators': 100}
2024-08-09 22:13:37,061 - INFO - Model trained successfully.
2024-08-09 22:13:37,072 - INFO - Model evaluation completed. Accuracy: 0.9300
2024-08-09 22:13:37,073 - INFO - Classification Report:
              precision    recall  f1-score   support

           0       0.92      0.92      0.92       154
           1       0.94      0.94      0.94       203

    accuracy                           0.93       357
   macro avg       0.93      0.93      0.93       357
weighted avg       0.93      0.93      0.93       357

2024-08-09 22:13:37,105 - INFO - Model saved to models/random_forest_model.joblib
2024-08-09 22:24:15,450 - INFO - Logging configured.
2024-08-09 22:24:15,457 - INFO - Data loaded successfully. Training samples: 833, Testing samples: 357
2024-08-09 22:24:15,457 - INFO - Data validation successful.
2024-08-09 22:24:27,811 - INFO - Best parameters: {'max_depth': None, 'min_samples_leaf': 1, 'min_samples_split': 2, 'n_estimators': 100}
2024-08-09 22:24:27,811 - INFO - Model trained successfully.
2024-08-09 22:24:27,824 - INFO - Model evaluation completed. Accuracy: 0.9300
2024-08-09 22:24:27,824 - INFO - Classification Report:
              precision    recall  f1-score   support

           0       0.92      0.92      0.92       154
           1       0.94      0.94      0.94       203

    accuracy                           0.93       357
   macro avg       0.93      0.93      0.93       357
weighted avg       0.93      0.93      0.93       357

2024-08-09 22:24:27,858 - INFO - Model saved to models/random_forest_model.joblib
2024-08-09 22:30:25,850 - INFO - Logging configured.
2024-08-09 22:30:25,858 - INFO - Data loaded successfully. Training samples: 833, Testing samples: 357
2024-08-09 22:30:25,858 - INFO - Data validation successful.
2024-08-09 22:30:40,676 - INFO - Best parameters: {'max_depth': None, 'min_samples_leaf': 1, 'min_samples_split': 2, 'n_estimators': 100}
2024-08-09 22:30:40,676 - INFO - Model trained successfully.
2024-08-09 22:30:40,687 - INFO - Model evaluation completed. Accuracy: 0.9300
2024-08-09 22:30:40,687 - INFO - Classification Report:
              precision    recall  f1-score   support

           0       0.92      0.92      0.92       154
           1       0.94      0.94      0.94       203

    accuracy                           0.93       357
   macro avg       0.93      0.93      0.93       357
weighted avg       0.93      0.93      0.93       357

2024-08-09 22:30:40,720 - INFO - Model saved to models/random_forest_model.joblib
2024-08-09 22:35:24,716 - INFO - Logging configured.
2024-08-09 22:35:24,722 - INFO - Data loaded successfully. Training samples: 833, Testing samples: 357
2024-08-09 22:35:24,722 - INFO - Data validation successful.
2024-08-09 22:35:38,366 - INFO - Best parameters: {'max_depth': None, 'min_samples_leaf': 1, 'min_samples_split': 2, 'n_estimators': 100}
2024-08-09 22:35:38,366 - INFO - Model trained successfully.
2024-08-09 22:35:38,377 - INFO - Model evaluation completed. Accuracy: 0.9300
2024-08-09 22:35:38,377 - INFO - Classification Report:
              precision    recall  f1-score   support

           0       0.92      0.92      0.92       154
           1       0.94      0.94      0.94       203

    accuracy                           0.93       357
   macro avg       0.93      0.93      0.93       357
weighted avg       0.93      0.93      0.93       357

2024-08-09 22:35:38,409 - INFO - Model saved to models/random_forest_model.joblib
2024-08-09 22:42:27,915 - INFO - Logging configured.
2024-08-09 22:42:27,921 - INFO - Data loaded successfully. Training samples: 833, Testing samples: 357
2024-08-09 22:42:27,921 - INFO - Data validation successful.
2024-08-09 22:42:41,720 - INFO - Best parameters: {'max_depth': None, 'min_samples_leaf': 1, 'min_samples_split': 2, 'n_estimators': 100}
2024-08-09 22:42:41,721 - INFO - Model trained successfully.
2024-08-09 22:42:41,732 - INFO - Model evaluation completed. Accuracy: 0.9300
2024-08-09 22:42:41,732 - INFO - Classification Report:
              precision    recall  f1-score   support

           0       0.92      0.92      0.92       154
           1       0.94      0.94      0.94       203

    accuracy                           0.93       357
   macro avg       0.93      0.93      0.93       357
weighted avg       0.93      0.93      0.93       357

2024-08-09 22:42:41,773 - INFO - Model saved to models/random_forest_model.joblib
2024-08-10 11:12:42,979 - INFO - Logging configured.
2024-08-10 11:12:42,986 - INFO - Data loaded successfully. Training samples: 833, Testing samples: 357
2024-08-10 11:12:42,986 - INFO - Data validation successful.
2024-08-10 11:12:55,485 - INFO - Best parameters: {'max_depth': None, 'min_samples_leaf': 1, 'min_samples_split': 2, 'n_estimators': 100}
2024-08-10 11:12:55,485 - INFO - Model trained successfully.
2024-08-10 11:12:55,498 - INFO - Model evaluation completed. Accuracy: 0.9300
2024-08-10 11:12:55,498 - INFO - Classification Report:
              precision    recall  f1-score   support

           0       0.92      0.92      0.92       154
           1       0.94      0.94      0.94       203

    accuracy                           0.93       357
   macro avg       0.93      0.93      0.93       357
weighted avg       0.93      0.93      0.93       357

2024-08-10 11:12:55,531 - INFO - Model saved to models/random_forest_model.joblib
2024-08-10 11:17:19,607 - INFO - Logging configured.
2024-08-10 11:18:46,299 - INFO - Logging configured.
2024-08-10 11:19:22,699 - INFO - Logging configured.
2024-08-10 11:20:09,921 - INFO - Logging configured.
2024-08-10 11:20:09,921 - INFO - Configuration loaded.
2024-08-10 11:20:09,927 - INFO - Data loaded successfully. Training samples: 833, Testing samples: 357
2024-08-10 11:20:09,927 - INFO - Data validation successful.
2024-08-10 11:20:22,092 - INFO - Best parameters: {'max_depth': None, 'min_samples_leaf': 1, 'min_samples_split': 2, 'n_estimators': 100}
2024-08-10 11:20:22,092 - INFO - Model trained successfully.
2024-08-10 11:20:22,104 - INFO - Model evaluation completed. Accuracy: 0.9300
2024-08-10 11:20:22,104 - INFO - Classification Report:
              precision    recall  f1-score   support

           0       0.92      0.92      0.92       154
           1       0.94      0.94      0.94       203

    accuracy                           0.93       357
   macro avg       0.93      0.93      0.93       357
weighted avg       0.93      0.93      0.93       357

2024-08-10 11:20:22,143 - INFO - Model saved to models/random_forest_model.joblib
