2024-08-09 12:38:38,666 - INFO - Data loaded successfully from data/heart_disease.csv
2024-08-09 12:38:38,678 - INFO - Data preprocessing completed.
2024-08-09 12:38:38,689 - INFO - Processed data saved to data/processed_heart_disease.csv
2024-08-09 12:39:27,299 - INFO - Data loaded successfully from data/heart_disease.csv
2024-08-09 12:39:27,299 - INFO - Starting data preprocessing...
2024-08-09 12:39:27,299 - INFO - Numeric transformer pipeline created.
2024-08-09 12:39:27,299 - INFO - Categorical transformer pipeline created.
2024-08-09 12:39:27,299 - INFO - Column transformer created.
2024-08-09 12:39:27,309 - INFO - Transformations applied to data.
2024-08-09 12:39:27,310 - INFO - Processed data converted back to DataFrame.
2024-08-09 12:39:27,310 - INFO - Target column added back to DataFrame.
2024-08-09 12:39:27,310 - INFO - Data preprocessing completed.
2024-08-09 12:39:27,320 - INFO - Processed data saved to data/processed_heart_disease.csv
2024-08-09 12:40:19,963 - INFO - Logging configured.
2024-08-09 12:40:19,966 - INFO - Data loaded successfully from data/heart_disease.csv
2024-08-09 12:40:19,966 - INFO - Starting data preprocessing...
2024-08-09 12:40:19,966 - INFO - Numeric transformer pipeline created.
2024-08-09 12:40:19,967 - INFO - Categorical transformer pipeline created.
2024-08-09 12:40:19,967 - INFO - Column transformer created.
2024-08-09 12:40:19,977 - INFO - Transformations applied to data.
2024-08-09 12:40:19,977 - INFO - Processed data converted back to DataFrame.
2024-08-09 12:40:19,977 - INFO - Target column added back to DataFrame.
2024-08-09 12:40:19,978 - INFO - Data preprocessing completed.
2024-08-09 12:40:19,987 - INFO - Processed data saved to data/processed_heart_disease.csv
2024-08-09 12:43:03,795 - INFO - Logging configured.
2024-08-09 12:43:03,797 - INFO - Data loaded successfully from data/heart_disease.csv
2024-08-09 12:43:03,797 - INFO - Input data validation passed.
2024-08-09 12:43:03,797 - INFO - Starting data preprocessing...
2024-08-09 12:43:03,797 - INFO - Numeric transformer pipeline created.
2024-08-09 12:43:03,798 - INFO - Categorical transformer pipeline created.
2024-08-09 12:43:03,798 - INFO - Column transformer created.
2024-08-09 12:43:03,807 - INFO - Transformations applied to data.
2024-08-09 12:43:03,808 - INFO - Processed data converted back to DataFrame.
2024-08-09 12:43:03,808 - INFO - Target column added back to DataFrame.
2024-08-09 12:43:03,808 - INFO - Data preprocessing completed.
2024-08-09 12:43:03,819 - INFO - Processed data saved to data/processed_heart_disease.csv
2024-08-09 12:44:08,146 - INFO - Logging configured.
2024-08-09 12:44:08,148 - INFO - Data loaded successfully from data/heart_disease.csv
2024-08-09 12:44:08,148 - INFO - Input data validation passed.
2024-08-09 12:44:08,148 - INFO - Starting data preprocessing...
2024-08-09 12:44:08,148 - INFO - Numeric transformer pipeline created.
2024-08-09 12:44:08,148 - INFO - Categorical transformer pipeline created.
2024-08-09 12:44:08,148 - INFO - Column transformer created.
2024-08-09 12:44:08,158 - INFO - Transformations applied to data.
2024-08-09 12:44:08,158 - INFO - Processed data converted back to DataFrame.
2024-08-09 12:44:08,159 - INFO - Target column added back to DataFrame.
2024-08-09 12:44:08,159 - INFO - Data preprocessing completed.
2024-08-09 12:44:08,169 - INFO - Processed data saved to data/processed_heart_disease.csv
2024-08-09 13:34:41,339 - INFO - Logging configured.
2024-08-09 13:34:41,342 - INFO - Data loaded successfully from data/heart_disease.csv
2024-08-09 13:34:41,342 - INFO - Input data validation passed.
2024-08-09 13:34:41,342 - INFO - Starting data preprocessing...
2024-08-09 13:34:41,342 - INFO - Numeric transformer pipeline created.
2024-08-09 13:34:41,342 - INFO - Categorical transformer pipeline created.
2024-08-09 13:34:41,342 - INFO - Column transformer created.
2024-08-09 13:34:41,352 - INFO - Transformations applied to data.
2024-08-09 13:34:41,352 - INFO - Processed data converted back to DataFrame.
2024-08-09 13:34:41,352 - INFO - Target column added back to DataFrame.
2024-08-09 13:34:41,352 - INFO - Data preprocessing completed.
2024-08-09 13:34:41,365 - INFO - Processed data saved to data/processed_heart_disease.csv
2024-08-09 14:43:07,692 - INFO - Logging configured.
2024-08-09 14:43:07,694 - INFO - Data loaded successfully from data/heart_disease.csv
2024-08-09 14:43:07,694 - INFO - Input data validation passed.
2024-08-09 14:43:07,694 - INFO - Starting data preprocessing...
2024-08-09 14:43:07,694 - INFO - Numeric transformer pipeline created.
2024-08-09 14:43:07,694 - INFO - Categorical transformer pipeline created.
2024-08-09 14:43:07,694 - INFO - Column transformer created.
2024-08-09 14:43:07,703 - INFO - Transformations applied to data.
2024-08-09 14:43:07,704 - INFO - Processed data converted back to DataFrame.
2024-08-09 14:43:07,704 - INFO - Target column added back to DataFrame.
2024-08-09 14:43:07,704 - INFO - Data preprocessing completed.
2024-08-09 14:43:07,716 - INFO - Processed data saved to data/processed_heart_disease.csv
2024-08-09 18:35:36,720 - INFO - Logging configured.
2024-08-09 18:35:36,720 - ERROR - Error loading configuration: [Errno 2] No such file or directory: 'path/to/config.json'
2024-08-09 18:36:06,279 - INFO - Logging configured.
2024-08-09 18:36:06,279 - ERROR - Error loading configuration: [Errno 2] No such file or directory: 'config.json'
2024-08-09 18:36:39,925 - INFO - Logging configured.
2024-08-09 18:36:39,925 - INFO - Configuration loaded from config/config.json
2024-08-09 18:36:39,928 - INFO - Data loaded successfully from data/heart_disease.csv
2024-08-09 18:36:39,928 - ERROR - Missing required columns: ['sex_1', 'chest pain type_2', 'chest pain type_3', 'chest pain type_4', 'fasting blood sugar_1', 'resting ecg_1', 'resting ecg_2', 'exercise angina_1', 'ST slope_2', 'ST slope_3']
2024-08-09 18:39:35,297 - INFO - Logging configured.
2024-08-09 18:39:35,298 - INFO - Configuration loaded from config/config.json
2024-08-09 18:39:35,300 - INFO - Data loaded successfully from data/heart_disease.csv
2024-08-09 18:39:35,300 - INFO - Input data validation passed.
2024-08-09 18:39:35,300 - INFO - Starting data preprocessing...
2024-08-09 18:39:35,300 - INFO - Numeric transformer pipeline created.
2024-08-09 18:39:35,300 - INFO - Categorical transformer pipeline created.
2024-08-09 18:39:35,300 - INFO - Column transformer created.
2024-08-09 18:39:35,309 - INFO - Transformations applied to data.
2024-08-09 18:39:35,310 - INFO - Processed data converted back to DataFrame.
2024-08-09 18:39:35,310 - INFO - Target column added back to DataFrame.
2024-08-09 18:39:35,310 - INFO - Data preprocessing completed.
2024-08-09 18:39:35,329 - INFO - Processed data saved to data/processed_heart_disease.csv
2024-08-09 18:40:59,796 - INFO - Logging configured.
2024-08-09 18:40:59,796 - INFO - Configuration loaded from config/config.json
2024-08-09 18:40:59,799 - INFO - Data loaded successfully from data/heart_disease.csv
2024-08-09 18:40:59,799 - INFO - Input data validation passed.
2024-08-09 18:40:59,799 - INFO - Starting data preprocessing...
2024-08-09 18:40:59,799 - INFO - Numeric transformer pipeline created.
2024-08-09 18:40:59,799 - INFO - Categorical transformer pipeline created.
2024-08-09 18:40:59,799 - INFO - Column transformer created.
2024-08-09 18:40:59,808 - INFO - Transformations applied to data.
2024-08-09 18:40:59,809 - INFO - Processed data converted back to DataFrame.
2024-08-09 18:40:59,809 - INFO - Target column added back to DataFrame.
2024-08-09 18:40:59,809 - INFO - Data preprocessing completed.
2024-08-09 18:40:59,821 - INFO - Processed data saved to data/processed_heart_disease.csv
